<?xml version="1.0" encoding="UTF-8"?>
<testsuite xmlns:xsi="http://www.w3.org/2001/XMLSchema-instance" xsi:noNamespaceSchemaLocation="https://maven.apache.org/surefire/maven-surefire-plugin/xsd/surefire-test-report-3.0.xsd" version="3.0" name="org.jfree.data.general.DatasetUtilsTest" time="0.022" tests="60" errors="0" skipped="0" failures="0">
  <properties>
    <property name="java.specification.version" value="17"/>
    <property name="sun.jnu.encoding" value="UTF-8"/>
    <property name="sun.awt.enableExtraMouseButtons" value="true"/>
    <property name="java.class.path" value="/Users/arwel/Documents/coding/RAT/UI/jfreechart-1.5.x/target/test-classes:/Users/arwel/Documents/coding/RAT/UI/jfreechart-1.5.x/target/classes:/Users/arwel/.m2/repository/javax/servlet/servlet-api/2.5/servlet-api-2.5.jar:/Users/arwel/.m2/repository/org/junit/jupiter/junit-jupiter-api/5.8.1/junit-jupiter-api-5.8.1.jar:/Users/arwel/.m2/repository/org/opentest4j/opentest4j/1.2.0/opentest4j-1.2.0.jar:/Users/arwel/.m2/repository/org/junit/platform/junit-platform-commons/1.8.1/junit-platform-commons-1.8.1.jar:/Users/arwel/.m2/repository/org/apiguardian/apiguardian-api/1.1.2/apiguardian-api-1.1.2.jar:/Users/arwel/.m2/repository/org/junit/jupiter/junit-jupiter-engine/5.8.1/junit-jupiter-engine-5.8.1.jar:/Users/arwel/.m2/repository/org/junit/platform/junit-platform-engine/1.8.1/junit-platform-engine-1.8.1.jar:/Users/arwel/.m2/repository/nl/jqno/equalsverifier/equalsverifier/3.7.2/equalsverifier-3.7.2.jar:"/>
    <property name="java.vm.vendor" value="Homebrew"/>
    <property name="sun.arch.data.model" value="64"/>
    <property name="sun.font.fontmanager" value="sun.font.CFontManager"/>
    <property name="java.vendor.url" value="https://github.com/Homebrew/homebrew-core/issues"/>
    <property name="user.timezone" value="Europe/London"/>
    <property name="os.name" value="Mac OS X"/>
    <property name="java.vm.specification.version" value="17"/>
    <property name="sun.java.launcher" value="SUN_STANDARD"/>
    <property name="user.country" value="GB"/>
    <property name="sun.boot.library.path" value="/usr/local/Cellar/openjdk/17.0.1_1/libexec/openjdk.jdk/Contents/Home/lib"/>
    <property name="sun.java.command" value="/Users/arwel/Documents/coding/RAT/UI/jfreechart-1.5.x/target/surefire/surefirebooter5418312250452496925.jar /Users/arwel/Documents/coding/RAT/UI/jfreechart-1.5.x/target/surefire 2022-01-14T09-34-47_155-jvmRun1 surefire3382927405256331451tmp surefire_04869861489269104300tmp"/>
    <property name="http.nonProxyHosts" value="local|*.local|169.254/16|*.169.254/16"/>
    <property name="jdk.debug" value="release"/>
    <property name="surefire.test.class.path" value="/Users/arwel/Documents/coding/RAT/UI/jfreechart-1.5.x/target/test-classes:/Users/arwel/Documents/coding/RAT/UI/jfreechart-1.5.x/target/classes:/Users/arwel/.m2/repository/javax/servlet/servlet-api/2.5/servlet-api-2.5.jar:/Users/arwel/.m2/repository/org/junit/jupiter/junit-jupiter-api/5.8.1/junit-jupiter-api-5.8.1.jar:/Users/arwel/.m2/repository/org/opentest4j/opentest4j/1.2.0/opentest4j-1.2.0.jar:/Users/arwel/.m2/repository/org/junit/platform/junit-platform-commons/1.8.1/junit-platform-commons-1.8.1.jar:/Users/arwel/.m2/repository/org/apiguardian/apiguardian-api/1.1.2/apiguardian-api-1.1.2.jar:/Users/arwel/.m2/repository/org/junit/jupiter/junit-jupiter-engine/5.8.1/junit-jupiter-engine-5.8.1.jar:/Users/arwel/.m2/repository/org/junit/platform/junit-platform-engine/1.8.1/junit-platform-engine-1.8.1.jar:/Users/arwel/.m2/repository/nl/jqno/equalsverifier/equalsverifier/3.7.2/equalsverifier-3.7.2.jar:"/>
    <property name="sun.cpu.endian" value="little"/>
    <property name="user.home" value="/Users/arwel"/>
    <property name="user.language" value="en"/>
    <property name="java.specification.vendor" value="Oracle Corporation"/>
    <property name="java.version.date" value="2021-10-19"/>
    <property name="java.home" value="/usr/local/Cellar/openjdk/17.0.1_1/libexec/openjdk.jdk/Contents/Home"/>
    <property name="file.separator" value="/"/>
    <property name="basedir" value="/Users/arwel/Documents/coding/RAT/UI/jfreechart-1.5.x"/>
    <property name="java.vm.compressedOopsMode" value="Zero based"/>
    <property name="line.separator" value="&#10;"/>
    <property name="java.vm.specification.vendor" value="Oracle Corporation"/>
    <property name="java.specification.name" value="Java Platform API Specification"/>
    <property name="surefire.real.class.path" value="/Users/arwel/Documents/coding/RAT/UI/jfreechart-1.5.x/target/surefire/surefirebooter5418312250452496925.jar"/>
    <property name="sun.management.compiler" value="HotSpot 64-Bit Tiered Compilers"/>
    <property name="ftp.nonProxyHosts" value="local|*.local|169.254/16|*.169.254/16"/>
    <property name="java.runtime.version" value="17.0.1+1"/>
    <property name="user.name" value="arwel"/>
    <property name="path.separator" value=":"/>
    <property name="os.version" value="11.6.1"/>
    <property name="java.runtime.name" value="OpenJDK Runtime Environment"/>
    <property name="file.encoding" value="UTF-8"/>
    <property name="java.vm.name" value="OpenJDK 64-Bit Server VM"/>
    <property name="java.vendor.version" value="Homebrew"/>
    <property name="localRepository" value="/Users/arwel/.m2/repository"/>
    <property name="java.vendor.url.bug" value="https://github.com/Homebrew/homebrew-core/issues"/>
    <property name="java.io.tmpdir" value="/var/folders/k6/bypx5x_91zv6rpgqnkml5hpr0000gn/T/"/>
    <property name="java.version" value="17.0.1"/>
    <property name="user.dir" value="/Users/arwel/Documents/coding/RAT/UI/jfreechart-1.5.x"/>
    <property name="os.arch" value="x86_64"/>
    <property name="java.vm.specification.name" value="Java Virtual Machine Specification"/>
    <property name="native.encoding" value="UTF-8"/>
    <property name="java.library.path" value="/Users/arwel/Library/Java/Extensions:/Library/Java/Extensions:/Network/Library/Java/Extensions:/System/Library/Java/Extensions:/usr/lib/java:."/>
    <property name="java.vm.info" value="mixed mode, sharing"/>
    <property name="java.vendor" value="Homebrew"/>
    <property name="java.vm.version" value="17.0.1+1"/>
    <property name="sun.io.unicode.encoding" value="UnicodeBig"/>
    <property name="socksNonProxyHosts" value="local|*.local|169.254/16|*.169.254/16"/>
    <property name="java.class.version" value="61.0"/>
  </properties>
  <testcase name="testIterateDomainBounds_NaN2" classname="org.jfree.data.general.DatasetUtilsTest" time="0.001"/>
  <testcase name="testIterateToFindDomainBounds_IntervalXYDataset" classname="org.jfree.data.general.DatasetUtilsTest" time="0"/>
  <testcase name="testIterateToFindRangeBounds_StatisticalCategoryDataset" classname="org.jfree.data.general.DatasetUtilsTest" time="0"/>
  <testcase name="testFindStackedRangeBoundsForTableXYDataset1" classname="org.jfree.data.general.DatasetUtilsTest" time="0"/>
  <testcase name="testFindStackedRangeBoundsForTableXYDataset2" classname="org.jfree.data.general.DatasetUtilsTest" time="0"/>
  <testcase name="testLimitPieDataset" classname="org.jfree.data.general.DatasetUtilsTest" time="0.001"/>
  <testcase name="testIterateRangeBounds" classname="org.jfree.data.general.DatasetUtilsTest" time="0"/>
  <testcase name="testMaximumStackedRangeValue" classname="org.jfree.data.general.DatasetUtilsTest" time="0"/>
  <testcase name="testFindRangeBounds2" classname="org.jfree.data.general.DatasetUtilsTest" time="0"/>
  <testcase name="testBug2849731" classname="org.jfree.data.general.DatasetUtilsTest" time="0.002"/>
  <testcase name="testFindYValueNonSorted" classname="org.jfree.data.general.DatasetUtilsTest" time="0"/>
  <testcase name="testIterateRangeBounds_CategoryDataset" classname="org.jfree.data.general.DatasetUtilsTest" time="0"/>
  <testcase name="testIterateToFindRangeBounds1_XYDataset" classname="org.jfree.data.general.DatasetUtilsTest" time="0.001"/>
  <testcase name="testIterateRangeBounds2" classname="org.jfree.data.general.DatasetUtilsTest" time="0"/>
  <testcase name="testIterateRangeBounds3" classname="org.jfree.data.general.DatasetUtilsTest" time="0"/>
  <testcase name="testIterateRangeBounds4" classname="org.jfree.data.general.DatasetUtilsTest" time="0"/>
  <testcase name="testCumulativeRange1" classname="org.jfree.data.general.DatasetUtilsTest" time="0"/>
  <testcase name="testCumulativeRange2" classname="org.jfree.data.general.DatasetUtilsTest" time="0"/>
  <testcase name="testCumulativeRange3" classname="org.jfree.data.general.DatasetUtilsTest" time="0"/>
  <testcase name="testJava" classname="org.jfree.data.general.DatasetUtilsTest" time="0"/>
  <testcase name="testFindMinimumRangeValue" classname="org.jfree.data.general.DatasetUtilsTest" time="0"/>
  <testcase name="testFindStackedRangeBounds_CategoryDataset1" classname="org.jfree.data.general.DatasetUtilsTest" time="0.001"/>
  <testcase name="testFindStackedRangeBounds_CategoryDataset2" classname="org.jfree.data.general.DatasetUtilsTest" time="0"/>
  <testcase name="testFindStackedRangeBounds_CategoryDataset3" classname="org.jfree.data.general.DatasetUtilsTest" time="0"/>
  <testcase name="testFindMaximumDomainValue" classname="org.jfree.data.general.DatasetUtilsTest" time="0"/>
  <testcase name="testIterateToFindRangeBounds_BoxAndWhiskerXYDataset" classname="org.jfree.data.general.DatasetUtilsTest" time="0"/>
  <testcase name="testIterateRangeBounds2_CategoryDataset" classname="org.jfree.data.general.DatasetUtilsTest" time="0"/>
  <testcase name="testStackedRangeWithMap" classname="org.jfree.data.general.DatasetUtilsTest" time="0"/>
  <testcase name="testFindYValue" classname="org.jfree.data.general.DatasetUtilsTest" time="0"/>
  <testcase name="testFindYValueWithDuplicates" classname="org.jfree.data.general.DatasetUtilsTest" time="0"/>
  <testcase name="testFindMaximumStackedRangeValue" classname="org.jfree.data.general.DatasetUtilsTest" time="0"/>
  <testcase name="testFindMinimumStackedRangeValue" classname="org.jfree.data.general.DatasetUtilsTest" time="0"/>
  <testcase name="testFindDomainBounds_NaN" classname="org.jfree.data.general.DatasetUtilsTest" time="0"/>
  <testcase name="testFindRangeBounds" classname="org.jfree.data.general.DatasetUtilsTest" time="0.001"/>
  <testcase name="testIterateDomainBounds_NaN" classname="org.jfree.data.general.DatasetUtilsTest" time="0"/>
  <testcase name="testFindMinimumStackedRangeValue2" classname="org.jfree.data.general.DatasetUtilsTest" time="0"/>
  <testcase name="testSampleFunction2D" classname="org.jfree.data.general.DatasetUtilsTest" time="0.001"/>
  <testcase name="testIterateToFindRangeBounds_MultiValueCategoryDataset" classname="org.jfree.data.general.DatasetUtilsTest" time="0"/>
  <testcase name="testFindMaximumStackedRangeValue2" classname="org.jfree.data.general.DatasetUtilsTest" time="0.001"/>
  <testcase name="testIterateRangeBounds3_CategoryDataset" classname="org.jfree.data.general.DatasetUtilsTest" time="0"/>
  <testcase name="testIsEmptyOrNullXYDataset" classname="org.jfree.data.general.DatasetUtilsTest" time="0"/>
  <testcase name="test803660" classname="org.jfree.data.general.DatasetUtilsTest" time="0"/>
  <testcase name="testFindMaximumRangeValue" classname="org.jfree.data.general.DatasetUtilsTest" time="0.001"/>
  <testcase name="testMinMaxRange" classname="org.jfree.data.general.DatasetUtilsTest" time="0"/>
  <testcase name="testIterateToFindRangeBounds_IntervalXYDataset" classname="org.jfree.data.general.DatasetUtilsTest" time="0"/>
  <testcase name="testIterateToFindRangeBounds2_XYDataset" classname="org.jfree.data.general.DatasetUtilsTest" time="0.001"/>
  <testcase name="testCalculatePieDatasetTotal" classname="org.jfree.data.general.DatasetUtilsTest" time="0"/>
  <testcase name="testFindRangeBounds_CategoryDataset" classname="org.jfree.data.general.DatasetUtilsTest" time="0"/>
  <testcase name="testFindDomainBounds" classname="org.jfree.data.general.DatasetUtilsTest" time="0"/>
  <testcase name="testCreateCategoryDataset1" classname="org.jfree.data.general.DatasetUtilsTest" time="0.001"/>
  <testcase name="testCreateCategoryDataset2" classname="org.jfree.data.general.DatasetUtilsTest" time="0"/>
  <testcase name="testIterateRangeBounds_IntervalCategoryDataset" classname="org.jfree.data.general.DatasetUtilsTest" time="0"/>
  <testcase name="testBug2849731_2" classname="org.jfree.data.general.DatasetUtilsTest" time="0"/>
  <testcase name="testBug2849731_3" classname="org.jfree.data.general.DatasetUtilsTest" time="0"/>
  <testcase name="testIterateDomainBounds" classname="org.jfree.data.general.DatasetUtilsTest" time="0"/>
  <testcase name="testCumulativeRange_NaN" classname="org.jfree.data.general.DatasetUtilsTest" time="0"/>
  <testcase name="testFindDomainBounds2" classname="org.jfree.data.general.DatasetUtilsTest" time="0"/>
  <testcase name="testFindDomainBounds3" classname="org.jfree.data.general.DatasetUtilsTest" time="0.001"/>
  <testcase name="testFindDomainBounds4" classname="org.jfree.data.general.DatasetUtilsTest" time="0"/>
  <testcase name="testFindMinimumDomainValue" classname="org.jfree.data.general.DatasetUtilsTest" time="0"/>
</testsuite>